<?xml version="1.0" encoding="UTF-8"?>
<!-- Generated by org.testng.reporters.JUnitXMLReporter -->
<testsuite hostname="NaveenS" ignored="0" name="Surefire test" tests="3" failures="0" timestamp="2020-10-29T12:18:04 EDT" time="0.038" errors="0">
  <testcase name="moonshine" time="0.003" classname="mavenjava.maven.AdventureTest"/>
  <testcase name="vault" time="0.0" classname="mavenjava.maven.AdventureTest"/>
  <testcase name="deathnote" time="0.0" classname="mavenjava.maven.TrappedTest"/>
</testsuite> <!-- Surefire test -->
