<?xml version="1.0" encoding="UTF-8"?>
<testsuite xmlns:xsi="http://www.w3.org/2001/XMLSchema-instance" xsi:noNamespaceSchemaLocation="https://maven.apache.org/surefire/maven-surefire-plugin/xsd/surefire-test-report-3.0.xsd" version="3.0" name="TestSuite" time="0.585" tests="3" errors="0" skipped="0" failures="0">
  <properties>
[...]
</properties>
  <testcase name="moonshine" classname="mavenjava.maven.AdventureTest" time="0.005">
    <system-out><![CDATA[This is Moonshine
]]></system-out>
  </testcase>
  <testcase name="vault" classname="mavenjava.maven.AdventureTest" time="0">
    <system-out><![CDATA[This is vault
]]></system-out>
  </testcase>
  <testcase name="deathnote" classname="mavenjava.maven.TrappedTest" time="0.002">
    <system-out><![CDATA[This is Death Note
]]></system-out>
  </testcase>
</testsuite>